Arguments: 
  /usr/local/Cellar/node@8/8.10.0/bin/node /usr/local/bin/yarn add @types/getRawBody

PATH: 
  /usr/local/opt/node@8/bin:/usr/local/bin:/usr/bin:/bin:/usr/sbin:/sbin:/usr/local/go/bin:/usr/local/aria2/bin:/Applications/Wireshark.app/Contents/MacOS:/Users/mercurio/go/bin:/Users/mercurio/Library/Android/sdk/emulator:/Users/mercurio/Library/Android/sdk/tools:/Users/mercurio/Library/Android/sdk/platform-tools:/Users/mercurio/.meteor

Yarn version: 
  1.3.2

Node version: 
  8.10.0

Platform: 
  darwin x64

npm manifest: 
  {
    "name": "graphbox",
    "version": "0.0.1",
    "description": "a clear graphql server",
    "main": "src/bin/graphbox.js",
    "repository": "git@github.com:udtrokia/graphbox.git",
    "author": "mercurio <udtrokia@163.com>",
    "license": "MIT",
    "devDependencies": {
      "@types/node": "^9.6.0"
    },
    "dependencies": {
      "@types/content-type": "^1.1.2",
      "@types/is-stream": "^1.1.0"
    }
  }

yarn manifest: 
  No manifest

Lockfile: 
  # THIS IS AN AUTOGENERATED FILE. DO NOT EDIT THIS FILE DIRECTLY.
  # yarn lockfile v1
  
  
  "@types/content-type@^1.1.2":
    version "1.1.2"
    resolved "http://r.cnpmjs.org/@types/content-type/download/@types/content-type-1.1.2.tgz#bff0a1b7aa5bd48516c8ed7a6efefb1e85813245"
  
  "@types/is-stream@^1.1.0":
    version "1.1.0"
    resolved "http://r.cnpmjs.org/@types/is-stream/download/@types/is-stream-1.1.0.tgz#b84d7bb207a210f2af9bed431dc0fbe9c4143be1"
    dependencies:
      "@types/node" "*"
  
  "@types/node@*", "@types/node@^9.6.0":
    version "9.6.0"
    resolved "http://r.cnpmjs.org/@types/node/download/@types/node-9.6.0.tgz#d3480ee666df9784b1001a1872a2f6ccefb6c2d7"

Trace: 
  Error: http://registry.cnpmjs.org/@types%2fgetRawBody: not_found
      at Request.params.callback [as _callback] (/usr/local/lib/node_modules/yarn/lib/cli.js:62098:18)
      at Request.self.callback (/usr/local/lib/node_modules/yarn/lib/cli.js:123085:22)
      at emitTwo (events.js:126:13)
      at Request.emit (events.js:214:7)
      at Request.<anonymous> (/usr/local/lib/node_modules/yarn/lib/cli.js:124068:10)
      at emitOne (events.js:116:13)
      at Request.emit (events.js:211:7)
      at Gunzip.<anonymous> (/usr/local/lib/node_modules/yarn/lib/cli.js:123988:12)
      at Object.onceWrapper (events.js:313:30)
      at emitNone (events.js:111:20)
